<?xml version="1.0" encoding="UTF-8"?>
<testsuite xmlns:xsi="http://www.w3.org/2001/XMLSchema-instance" xsi:noNamespaceSchemaLocation="https://maven.apache.org/surefire/maven-surefire-plugin/xsd/surefire-test-report.xsd" version="3.0.2" name="stepdeffinitions.TestRunner" time="103.35" tests="9" errors="0" skipped="0" failures="0">
  <properties>
[...]
</properties>
  <testcase name="Add product to cart" classname="Add to Cart" time="7.326">
    <system-out><![CDATA[
&amp#27;[1mScenario:&amp#27;[22m Add product to cart              &amp#27;[90m# file:///C:/Users/HP/eclipse-workspace/capstone/src/test/resources/features/Add_to_cart.feature:2&amp#27;[39m
  &amp#27;[32mâœ”&amp#27;[39m &amp#27;[32m&amp#27;[1mGiven &amp#27;[22muser on nopCommerce site&amp#27;[39m         &amp#27;[90m# stepdeffinitions.Add_to_cart.user_on_nop_commerce_site()&amp#27;[39m
  &amp#27;[32mâœ”&amp#27;[39m &amp#27;[32m&amp#27;[1mWhen &amp#27;[22muser searched for Adobe Photoshop&amp#27;[39m &amp#27;[90m# stepdeffinitions.Add_to_cart.user_searched_for_adobe_photoshop()&amp#27;[39m
  &amp#27;[32mâœ”&amp#27;[39m &amp#27;[32m&amp#27;[1mAnd &amp#27;[22muser added product to cart&amp#27;[39m         &amp#27;[90m# stepdeffinitions.Add_to_cart.user_added_product_to_cart()&amp#27;[39m
product shown in cart
  &amp#27;[32mâœ”&amp#27;[39m &amp#27;[32m&amp#27;[1mThen &amp#27;[22mproduct should be in cart&amp#27;[39m         &amp#27;[90m# stepdeffinitions.Add_to_cart.product_should_be_in_cart()&amp#27;[39m
]]></system-out>
    <system-err><![CDATA[Sep 08, 2025 10:01:30 AM org.openqa.selenium.devtools.CdpVersionFinder findNearestMatch
WARNING: Unable to find CDP implementation matching 140
Sep 08, 2025 10:01:30 AM org.openqa.selenium.chromium.ChromiumDriver lambda$new$5
WARNING: Unable to find version of CDP to use for 140.0.7339.80. You may need to include a dependency on a specific version of the CDP using something similar to `org.seleniumhq.selenium:selenium-devtools-v86:4.22.0` where the version ("v86") matches the version of the chromium-based browser you're using and the version number of the artifact is the same as Selenium's.
]]></system-err>
  </testcase>
  <testcase name="user get successfull login" classname="nopcommerce login" time="9.906">
    <system-out><![CDATA[
&amp#27;[1mScenario:&amp#27;[22m user get successfull login             &amp#27;[90m# file:///C:/Users/HP/eclipse-workspace/capstone/src/test/resources/features/Login.feature:2&amp#27;[39m
  &amp#27;[32mâœ”&amp#27;[39m &amp#27;[32m&amp#27;[1mGiven &amp#27;[22mUser should open nopcommerce home page&amp#27;[39m &amp#27;[90m# stepdeffinitions.Login.user_should_open_nopcommerce_home_page()&amp#27;[39m
  &amp#27;[32mâœ”&amp#27;[39m &amp#27;[32m&amp#27;[1mWhen &amp#27;[22mUser  click on login&amp#27;[39m                    &amp#27;[90m# stepdeffinitions.Login.user_click_on_login()&amp#27;[39m
  &amp#27;[32mâœ”&amp#27;[39m &amp#27;[32m&amp#27;[1mAnd &amp#27;[22mthe user enters their email and password&amp#27;[39m &amp#27;[90m# stepdeffinitions.Login.the_user_enters_their_email_and_password()&amp#27;[39m
  &amp#27;[32mâœ”&amp#27;[39m &amp#27;[32m&amp#27;[1mAnd &amp#27;[22muser should click on submit button&amp#27;[39m       &amp#27;[90m# stepdeffinitions.Login.user_should_click_on_submit_button()&amp#27;[39m
user get logged in
  &amp#27;[32mâœ”&amp#27;[39m &amp#27;[32m&amp#27;[1mThen &amp#27;[22mUser get logged in&amp#27;[39m                      &amp#27;[90m# stepdeffinitions.Login.user_get_logged_in()&amp#27;[39m
]]></system-out>
    <system-err><![CDATA[Sep 08, 2025 10:01:36 AM org.openqa.selenium.devtools.CdpVersionFinder findNearestMatch
WARNING: Unable to find CDP implementation matching 140
Sep 08, 2025 10:01:36 AM org.openqa.selenium.chromium.ChromiumDriver lambda$new$5
WARNING: Unable to find version of CDP to use for 140.0.7339.80. You may need to include a dependency on a specific version of the CDP using something similar to `org.seleniumhq.selenium:selenium-devtools-v86:4.22.0` where the version ("v86") matches the version of the chromium-based browser you're using and the version number of the artifact is the same as Selenium's.
]]></system-err>
  </testcase>
  <testcase name="Subscribe to newsletter" classname="Newsletter Subscription" time="3.722">
    <system-out><![CDATA[
&amp#27;[1mScenario:&amp#27;[22m Subscribe to newsletter                              &amp#27;[90m# file:///C:/Users/HP/eclipse-workspace/capstone/src/test/resources/features/Newsletter_subscription.feature:2&amp#27;[39m
  &amp#27;[32mâœ”&amp#27;[39m &amp#27;[32m&amp#27;[1mGiven &amp#27;[22muserr open nopCommerce site&amp#27;[39m                          &amp#27;[90m# stepdeffinitions.Newsletter_subscription.userr_open_nop_commerce_site()&amp#27;[39m
  &amp#27;[32mâœ”&amp#27;[39m &amp#27;[32m&amp#27;[1mWhen &amp#27;[22muserr enter my email for newsletter&amp#27;[39m                   &amp#27;[90m# stepdeffinitions.Newsletter_subscription.userr_enter_my_email_for_newsletter()&amp#27;[39m
  &amp#27;[32mâœ”&amp#27;[39m &amp#27;[32m&amp#27;[1mAnd &amp#27;[22muserr click subscribe&amp#27;[39m                                  &amp#27;[90m# stepdeffinitions.Newsletter_subscription.userr_click_subscribe()&amp#27;[39m
subscription confirmed
  &amp#27;[32mâœ”&amp#27;[39m &amp#27;[32m&amp#27;[1mThen &amp#27;[22muserr should see newsletter subscription confirmation&amp#27;[39m &amp#27;[90m# stepdeffinitions.Newsletter_subscription.userr_should_see_newsletter_subscription_confirmation()&amp#27;[39m
]]></system-out>
    <system-err><![CDATA[Sep 08, 2025 10:01:47 AM org.openqa.selenium.devtools.CdpVersionFinder findNearestMatch
WARNING: Unable to find CDP implementation matching 140
Sep 08, 2025 10:01:47 AM org.openqa.selenium.chromium.ChromiumDriver lambda$new$5
WARNING: Unable to find version of CDP to use for 140.0.7339.80. You may need to include a dependency on a specific version of the CDP using something similar to `org.seleniumhq.selenium:selenium-devtools-v86:4.22.0` where the version ("v86") matches the version of the chromium-based browser you're using and the version number of the artifact is the same as Selenium's.
]]></system-err>
  </testcase>
  <testcase name="View a product from catalog" classname="Product Catalog" time="8.603">
    <system-out><![CDATA[
&amp#27;[1mScenario:&amp#27;[22m View a product from catalog             &amp#27;[90m# file:///C:/Users/HP/eclipse-workspace/capstone/src/test/resources/features/ProductCatalog.feature:2&amp#27;[39m
  &amp#27;[32mâœ”&amp#27;[39m &amp#27;[32m&amp#27;[1mGiven &amp#27;[22muser open nopCommerce website&amp#27;[39m           &amp#27;[90m# stepdeffinitions.ProductCatalog.user_open_nop_commerce_website()&amp#27;[39m
  &amp#27;[32mâœ”&amp#27;[39m &amp#27;[32m&amp#27;[1mWhen &amp#27;[22muser navigates to category&amp#27;[39m               &amp#27;[90m# stepdeffinitions.ProductCatalog.user_navigates_to_category()&amp#27;[39m
  &amp#27;[32mâœ”&amp#27;[39m &amp#27;[32m&amp#27;[1mAnd &amp#27;[22muser clicks on&amp#27;[39m                            &amp#27;[90m# stepdeffinitions.ProductCatalog.user_clicks_on()&amp#27;[39m
user can see
  &amp#27;[32mâœ”&amp#27;[39m &amp#27;[32m&amp#27;[1mThen &amp#27;[22muser should see the product details page&amp#27;[39m &amp#27;[90m# stepdeffinitions.ProductCatalog.user_should_see_the_product_details_page()&amp#27;[39m
]]></system-out>
    <system-err><![CDATA[Sep 08, 2025 10:01:50 AM org.openqa.selenium.devtools.CdpVersionFinder findNearestMatch
WARNING: Unable to find CDP implementation matching 140
Sep 08, 2025 10:01:50 AM org.openqa.selenium.chromium.ChromiumDriver lambda$new$5
WARNING: Unable to find version of CDP to use for 140.0.7339.80. You may need to include a dependency on a specific version of the CDP using something similar to `org.seleniumhq.selenium:selenium-devtools-v86:4.22.0` where the version ("v86") matches the version of the chromium-based browser you're using and the version number of the artifact is the same as Selenium's.
]]></system-err>
  </testcase>
  <testcase name="Successful registration" classname="User Registration" time="16.626">
    <system-out><![CDATA[
&amp#27;[1mScenario:&amp#27;[22m Successful registration                  &amp#27;[90m# file:///C:/Users/HP/eclipse-workspace/capstone/src/test/resources/features/Register.feature:2&amp#27;[39m
  &amp#27;[32mâœ”&amp#27;[39m &amp#27;[32m&amp#27;[1mGiven &amp#27;[22mUser is on nopCommerce homepage&amp#27;[39m          &amp#27;[90m# stepdeffinitions.Register.user_is_on_nop_commerce_homepage()&amp#27;[39m
  &amp#27;[32mâœ”&amp#27;[39m &amp#27;[32m&amp#27;[1mWhen &amp#27;[22mUser clicks on register link&amp#27;[39m              &amp#27;[90m# stepdeffinitions.Register.user_clicks_on_register_link()&amp#27;[39m
  &amp#27;[32mâœ”&amp#27;[39m &amp#27;[32m&amp#27;[1mAnd &amp#27;[22mUser enters required registration details&amp#27;[39m  &amp#27;[90m# stepdeffinitions.Register.user_enters_required_registration_details()&amp#27;[39m
  &amp#27;[32mâœ”&amp#27;[39m &amp#27;[32m&amp#27;[1mAnd &amp#27;[22mUser submits the registration form&amp#27;[39m         &amp#27;[90m# stepdeffinitions.Register.user_submits_the_registration_form()&amp#27;[39m
User can see registration comfirmation
  &amp#27;[32mâœ”&amp#27;[39m &amp#27;[32m&amp#27;[1mThen &amp#27;[22mUser should see registration confirmation&amp#27;[39m &amp#27;[90m# stepdeffinitions.Register.user_should_see_registration_confirmation()&amp#27;[39m
]]></system-out>
    <system-err><![CDATA[Sep 08, 2025 10:01:59 AM org.openqa.selenium.devtools.CdpVersionFinder findNearestMatch
WARNING: Unable to find CDP implementation matching 140
Sep 08, 2025 10:01:59 AM org.openqa.selenium.chromium.ChromiumDriver lambda$new$5
WARNING: Unable to find version of CDP to use for 140.0.7339.80. You may need to include a dependency on a specific version of the CDP using something similar to `org.seleniumhq.selenium:selenium-devtools-v86:4.22.0` where the version ("v86") matches the version of the chromium-based browser you're using and the version number of the artifact is the same as Selenium's.
]]></system-err>
  </testcase>
  <testcase name="Remove product from cart" classname="Remove from Cart" time="8.711">
    <system-out><![CDATA[
&amp#27;[1mScenario:&amp#27;[22m Remove product from cart         &amp#27;[90m# file:///C:/Users/HP/eclipse-workspace/capstone/src/test/resources/features/Remove.feature:2&amp#27;[39m
  &amp#27;[32mâœ”&amp#27;[39m &amp#27;[32m&amp#27;[1mGiven &amp#27;[22muser goes to nopCommerce site&amp#27;[39m    &amp#27;[90m# stepdeffinitions.Remove.user_goes_to_nop_commerce_site()&amp#27;[39m
  &amp#27;[32mâœ”&amp#27;[39m &amp#27;[32m&amp#27;[1mWhen &amp#27;[22muser searches for Adobe Photoshop&amp#27;[39m &amp#27;[90m# stepdeffinitions.Remove.user_searches_for_adobe_photoshop()&amp#27;[39m
  &amp#27;[32mâœ”&amp#27;[39m &amp#27;[32m&amp#27;[1mAnd &amp#27;[22muser added the product to cart&amp#27;[39m     &amp#27;[90m# stepdeffinitions.Remove.user_added_the_product_to_cart()&amp#27;[39m
  &amp#27;[32mâœ”&amp#27;[39m &amp#27;[32m&amp#27;[1mAnd &amp#27;[22muser goes to cart&amp#27;[39m                  &amp#27;[90m# stepdeffinitions.Remove.user_goes_to_cart()&amp#27;[39m
  &amp#27;[32mâœ”&amp#27;[39m &amp#27;[32m&amp#27;[1mAnd &amp#27;[22muser remove the product&amp#27;[39m            &amp#27;[90m# stepdeffinitions.Remove.user_remove_the_product()&amp#27;[39m
cart is empty
  &amp#27;[32mâœ”&amp#27;[39m &amp#27;[32m&amp#27;[1mThen &amp#27;[22mcart should be empty&amp#27;[39m              &amp#27;[90m# stepdeffinitions.Remove.cart_should_be_empty()&amp#27;[39m
]]></system-out>
    <system-err><![CDATA[Sep 08, 2025 10:02:16 AM org.openqa.selenium.devtools.CdpVersionFinder findNearestMatch
WARNING: Unable to find CDP implementation matching 140
Sep 08, 2025 10:02:16 AM org.openqa.selenium.chromium.ChromiumDriver lambda$new$5
WARNING: Unable to find version of CDP to use for 140.0.7339.80. You may need to include a dependency on a specific version of the CDP using something similar to `org.seleniumhq.selenium:selenium-devtools-v86:4.22.0` where the version ("v86") matches the version of the chromium-based browser you're using and the version number of the artifact is the same as Selenium's.
]]></system-err>
  </testcase>
  <testcase name="Search for a product" classname="Search Product" time="7.001">
    <system-out><![CDATA[
&amp#27;[1mScenario:&amp#27;[22m Search for a product              &amp#27;[90m# file:///C:/Users/HP/eclipse-workspace/capstone/src/test/resources/features/Search.feature:2&amp#27;[39m
  &amp#27;[32mâœ”&amp#27;[39m &amp#27;[32m&amp#27;[1mGiven &amp#27;[22muser open nopCommerce site&amp#27;[39m        &amp#27;[90m# stepdeffinitions.Search.user_open_nop_commerce_site()&amp#27;[39m
  &amp#27;[32mâœ”&amp#27;[39m &amp#27;[32m&amp#27;[1mWhen &amp#27;[22muser search for MacBook&amp#27;[39m            &amp#27;[90m# stepdeffinitions.Search.user_search_for_mac_book()&amp#27;[39m
user can see product
  &amp#27;[32mâœ”&amp#27;[39m &amp#27;[32m&amp#27;[1mThen &amp#27;[22muser should see MacBook in results&amp#27;[39m &amp#27;[90m# stepdeffinitions.Search.user_should_see_mac_book_in_results()&amp#27;[39m
]]></system-out>
    <system-err><![CDATA[Sep 08, 2025 10:02:25 AM org.openqa.selenium.devtools.CdpVersionFinder findNearestMatch
WARNING: Unable to find CDP implementation matching 140
Sep 08, 2025 10:02:25 AM org.openqa.selenium.chromium.ChromiumDriver lambda$new$5
WARNING: Unable to find version of CDP to use for 140.0.7339.80. You may need to include a dependency on a specific version of the CDP using something similar to `org.seleniumhq.selenium:selenium-devtools-v86:4.22.0` where the version ("v86") matches the version of the chromium-based browser you're using and the version number of the artifact is the same as Selenium's.
]]></system-err>
  </testcase>
  <testcase name="Guest checkout with product in cart" classname="Checkout as Guest" time="31.49">
    <system-out><![CDATA[
&amp#27;[1mScenario:&amp#27;[22m Guest checkout with product in cart   &amp#27;[90m# file:///C:/Users/HP/eclipse-workspace/capstone/src/test/resources/features/checkoutguest.feature:2&amp#27;[39m
  &amp#27;[32mâœ”&amp#27;[39m &amp#27;[32m&amp#27;[1mGiven &amp#27;[22muser opened nopCommerce site&amp#27;[39m          &amp#27;[90m# stepdeffinitions.Checkout_guest.user_opened_nop_commerce_site()&amp#27;[39m
  &amp#27;[32mâœ”&amp#27;[39m &amp#27;[32m&amp#27;[1mWhen &amp#27;[22muser do search for product&amp#27;[39m             &amp#27;[90m# stepdeffinitions.Checkout_guest.user_do_search_for_product()&amp#27;[39m
  &amp#27;[32mâœ”&amp#27;[39m &amp#27;[32m&amp#27;[1mAnd &amp#27;[22muser add product to cart&amp#27;[39m                &amp#27;[90m# stepdeffinitions.Checkout_guest.user_add_product_to_cart()&amp#27;[39m
  &amp#27;[32mâœ”&amp#27;[39m &amp#27;[32m&amp#27;[1mAnd &amp#27;[22muser proceed to checkout as guest&amp#27;[39m       &amp#27;[90m# stepdeffinitions.Checkout_guest.user_proceed_to_checkout_as_guest()&amp#27;[39m
  &amp#27;[32mâœ”&amp#27;[39m &amp#27;[32m&amp#27;[1mAnd &amp#27;[22muser enter billing details&amp#27;[39m              &amp#27;[90m# stepdeffinitions.Checkout_guest.user_enter_billing_details()&amp#27;[39m
  &amp#27;[32mâœ”&amp#27;[39m &amp#27;[32m&amp#27;[1mAnd &amp#27;[22muser select shipping and payment method&amp#27;[39m &amp#27;[90m# stepdeffinitions.Checkout_guest.user_select_shipping_and_payment_method()&amp#27;[39m
user can see the order confirmation
  &amp#27;[32mâœ”&amp#27;[39m &amp#27;[32m&amp#27;[1mThen &amp#27;[22muser should see order confirmation&amp#27;[39m     &amp#27;[90m# stepdeffinitions.Checkout_guest.user_should_see_order_confirmation()&amp#27;[39m
]]></system-out>
    <system-err><![CDATA[Sep 08, 2025 10:02:32 AM org.openqa.selenium.devtools.CdpVersionFinder findNearestMatch
WARNING: Unable to find CDP implementation matching 140
Sep 08, 2025 10:02:32 AM org.openqa.selenium.chromium.ChromiumDriver lambda$new$5
WARNING: Unable to find version of CDP to use for 140.0.7339.80. You may need to include a dependency on a specific version of the CDP using something similar to `org.seleniumhq.selenium:selenium-devtools-v86:4.22.0` where the version ("v86") matches the version of the chromium-based browser you're using and the version number of the artifact is the same as Selenium's.
]]></system-err>
  </testcase>
  <testcase name="Add product to wishlist" classname="Product Wishlist" time="8.794">
    <system-out><![CDATA[
&amp#27;[1mScenario:&amp#27;[22m Add product to wishlist                     &amp#27;[90m# file:///C:/Users/HP/eclipse-workspace/capstone/src/test/resources/features/wishlist.feature:2&amp#27;[39m
  &amp#27;[32mâœ”&amp#27;[39m &amp#27;[32m&amp#27;[1mGiven &amp#27;[22muser opens nopCommerce site&amp#27;[39m                 &amp#27;[90m# stepdeffinitions.Wishlist.user_opens_nop_commerce_site()&amp#27;[39m
  &amp#27;[32mâœ”&amp#27;[39m &amp#27;[32m&amp#27;[1mWhen &amp#27;[22muser search for Adobe Photoshop in home page&amp#27;[39m &amp#27;[90m# stepdeffinitions.Wishlist.user_search_for_adobe_photoshop_in_home_page()&amp#27;[39m
  &amp#27;[32mâœ”&amp#27;[39m &amp#27;[32m&amp#27;[1mAnd &amp#27;[22muser added product to wishlist&amp#27;[39m                &amp#27;[90m# stepdeffinitions.Wishlist.user_added_product_to_wishlist()&amp#27;[39m
product shown in wishlist
  &amp#27;[32mâœ”&amp#27;[39m &amp#27;[32m&amp#27;[1mThen &amp#27;[22mproduct should be in wishlist&amp#27;[39m                &amp#27;[90m# stepdeffinitions.Wishlist.product_should_be_in_wishlist()&amp#27;[39m
]]></system-out>
    <system-err><![CDATA[Sep 08, 2025 10:03:03 AM org.openqa.selenium.devtools.CdpVersionFinder findNearestMatch
WARNING: Unable to find CDP implementation matching 140
Sep 08, 2025 10:03:03 AM org.openqa.selenium.chromium.ChromiumDriver lambda$new$5
WARNING: Unable to find version of CDP to use for 140.0.7339.80. You may need to include a dependency on a specific version of the CDP using something similar to `org.seleniumhq.selenium:selenium-devtools-v86:4.22.0` where the version ("v86") matches the version of the chromium-based browser you're using and the version number of the artifact is the same as Selenium's.
]]></system-err>
  </testcase>
</testsuite>